Model parameters
Simulating demography
Extracting features
Optimizing
t_m = 1.6e-05
3532
{'t_A': [6.981432179001353e-05, 3.4907160895006766e-05, 0.00013962864358002707], 't_B': [6.142798206340971e-05, 3.0713991031704856e-05, 0.00012285596412681943], 't_C': [0.0006442014701993153, 0.00032210073509965765, 0.0012884029403986306], 't_2': [7.832978314400622e-05, 3.916489157200311e-05, 0.00015665956628801243], 't_upper': [0.003394441943629213, 0.0016972209718146066, 0.006788883887258426], 't_m': [1.4507611388852189e-05, 0, 3.0713991031704856e-05], 'N_AB': [0.0005182324268623909, 0.00025911621343119545, 0.0010364648537247818], 'N_ABC': [0.0005646165035870839, 0.00028230825179354196, 0.0011292330071741678], 'r': [0.4229205584626971, 0.08458411169253942, 2.1146027923134856], 'm': [0.05, 0.0001, 0.5]}
RUNNING THE L-BFGS-B CODE

           * * *

Machine precision = 2.220D-16
 N =           10     M =           10

At X0         0 variables are exactly at the bounds

At iterate    0    f=  1.47742D+07    |proj g|=  3.38336D-01

At iterate    1    f=  1.47697D+07    |proj g|=  1.82103D+00

At iterate    2    f=  1.47689D+07    |proj g|=  1.83062D+00

At iterate    3    f=  1.47689D+07    |proj g|=  1.83144D+00

At iterate    4    f=  1.47689D+07    |proj g|=  1.83058D+00

At iterate    5    f=  1.47689D+07    |proj g|=  1.82907D+00

At iterate    6    f=  1.47689D+07    |proj g|=  1.82509D+00

At iterate    7    f=  1.47689D+07    |proj g|=  1.82672D+00

At iterate    8    f=  1.47689D+07    |proj g|=  1.82775D+00

At iterate    9    f=  1.47689D+07    |proj g|=  1.82787D+00

At iterate   10    f=  1.47689D+07    |proj g|=  1.82772D+00

At iterate   11    f=  1.47689D+07    |proj g|=  1.82691D+00

At iterate   12    f=  1.47689D+07    |proj g|=  1.81829D+00

At iterate   13    f=  1.47689D+07    |proj g|=  1.81842D+00

At iterate   14    f=  1.47689D+07    |proj g|=  1.81226D+00

At iterate   15    f=  1.47689D+07    |proj g|=  1.79881D+00

At iterate   16    f=  1.47689D+07    |proj g|=  1.76570D+00

At iterate   17    f=  1.47689D+07    |proj g|=  1.74511D+00

At iterate   18    f=  1.47689D+07    |proj g|=  1.74237D+00

At iterate   19    f=  1.47689D+07    |proj g|=  1.74393D+00

At iterate   20    f=  1.47689D+07    |proj g|=  1.74274D+00

           * * *

Tit   = total number of iterations
Tnf   = total number of function evaluations
Tnint = total number of segments explored during Cauchy searches
Skip  = number of BFGS updates skipped
Nact  = number of active bounds at final generalized Cauchy point
Projg = norm of the final projected gradient
F     = final function value

           * * *

   N    Tit     Tnf  Tnint  Skip  Nact     Projg        F
   10     20     22     32     0     4   1.743D+00   1.477D+07
  F =   14768858.062020307     

CONVERGENCE: REL_REDUCTION_OF_F_<=_FACTR*EPSMCH             
