Model parameters
Simulating demography
Extracting features
Optimizing
t_m = 1.6e-05
1840
{'t_A': [3.256905078406157e-05, 1.6284525392030787e-05, 6.513810156812315e-05], 't_B': [7.427449937152396e-05, 3.713724968576198e-05, 0.00014854899874304793], 't_C': [0.0006359124687702574, 0.0003179562343851287, 0.0012718249375405148], 't_2': [0.00014241719311462877, 7.120859655731438e-05, 0.00028483438622925754], 't_upper': [0.003964037806054527, 0.0019820189030272635, 0.007928075612109054], 't_m': [1.661629604302958e-05, 0, 3.312184815587116e-05], 'N_AB': [0.0005144740888933941, 0.00025723704444669703, 0.0010289481777867881], 'N_ABC': [0.0004269584320095771, 0.00021347921600478855, 0.0008539168640191542], 'r': [0.4500338093736525, 0.0900067618747305, 2.2501690468682627], 'm': [0.05, 0.0001, 0.5]}
RUNNING THE L-BFGS-B CODE

           * * *

Machine precision = 2.220D-16
 N =           10     M =           10

At X0         0 variables are exactly at the bounds

At iterate    0    f=  1.47762D+07    |proj g|=  3.60027D-01

At iterate    1    f=  1.47740D+07    |proj g|=  1.89203D+00

At iterate    2    f=  1.47736D+07    |proj g|=  2.81884D-01

At iterate    3    f=  1.47736D+07    |proj g|=  1.88188D+00

At iterate    4    f=  1.47736D+07    |proj g|=  1.88102D+00

At iterate    5    f=  1.47736D+07    |proj g|=  1.88069D+00

At iterate    6    f=  1.47736D+07    |proj g|=  1.88051D+00

At iterate    7    f=  1.47736D+07    |proj g|=  1.88067D+00

At iterate    8    f=  1.47736D+07    |proj g|=  1.88072D+00

At iterate    9    f=  1.47736D+07    |proj g|=  1.88040D+00

At iterate   10    f=  1.47736D+07    |proj g|=  1.88015D+00

At iterate   11    f=  1.47736D+07    |proj g|=  1.88010D+00

           * * *

Tit   = total number of iterations
Tnf   = total number of function evaluations
Tnint = total number of segments explored during Cauchy searches
Skip  = number of BFGS updates skipped
Nact  = number of active bounds at final generalized Cauchy point
Projg = norm of the final projected gradient
F     = final function value

           * * *

   N    Tit     Tnf  Tnint  Skip  Nact     Projg        F
   10     11     13     22     0     3   1.880D+00   1.477D+07
  F =   14773572.061813474     

CONVERGENCE: REL_REDUCTION_OF_F_<=_FACTR*EPSMCH             
