Model parameters
Simulating demography
Extracting features
Optimizing
t_m = 1.6e-05
9084
{'t_A': [3.375167746412704e-05, 1.687583873206352e-05, 6.750335492825409e-05], 't_B': [4.1676600869465544e-05, 2.0838300434732772e-05, 8.335320173893109e-05], 't_C': [0.0004697724958771743, 0.00023488624793858716, 0.0009395449917543486], 't_2': [9.400990350038636e-05, 4.700495175019318e-05, 0.00018801980700077273], 't_upper': [0.005163220945249423, 0.0025816104726247113, 0.010326441890498845], 't_m': [1.261693268833385e-05, 0, 2.0838300434732772e-05], 'N_AB': [0.0004656723469200786, 0.0002328361734600393, 0.0009313446938401572], 'N_ABC': [0.0003584313540480865, 0.00017921567702404326, 0.000716862708096173], 'r': [0.5004191818843656, 0.10008383637687313, 2.5020959094218282], 'm': [0.05, 0.0001, 0.5]}
RUNNING THE L-BFGS-B CODE

           * * *

Machine precision = 2.220D-16
 N =           10     M =           10

At X0         0 variables are exactly at the bounds

At iterate    0    f=  1.47711D+07    |proj g|=  4.00335D-01

At iterate    1    f=  1.47699D+07    |proj g|=  2.55636D-01

At iterate    2    f=  1.47697D+07    |proj g|=  2.67980D-01

At iterate    3    f=  1.47696D+07    |proj g|=  2.49925D-01

At iterate    4    f=  1.47696D+07    |proj g|=  2.39863D-01

At iterate    5    f=  1.47695D+07    |proj g|=  2.32412D-01

At iterate    6    f=  1.47695D+07    |proj g|=  2.16937D+00

At iterate    7    f=  1.47695D+07    |proj g|=  2.35127D-01

At iterate    8    f=  1.47695D+07    |proj g|=  2.16648D+00

At iterate    9    f=  1.47695D+07    |proj g|=  2.16627D+00

           * * *

Tit   = total number of iterations
Tnf   = total number of function evaluations
Tnint = total number of segments explored during Cauchy searches
Skip  = number of BFGS updates skipped
Nact  = number of active bounds at final generalized Cauchy point
Projg = norm of the final projected gradient
F     = final function value

           * * *

   N    Tit     Tnf  Tnint  Skip  Nact     Projg        F
   10      9     12     25     0     4   2.166D+00   1.477D+07
  F =   14769547.371816978     

CONVERGENCE: REL_REDUCTION_OF_F_<=_FACTR*EPSMCH             
