Model parameters
Simulating demography
Extracting features
Optimizing
t_m = 1.6e-05
9131
{'t_A': [4.124170992567745e-05, 2.0620854962838725e-05, 8.24834198513549e-05], 't_B': [5.990023047164132e-05, 2.995011523582066e-05, 0.00011980046094328265], 't_C': [0.0005143609185414305, 0.00025718045927071524, 0.001028721837082861], 't_2': [3.309794851715566e-05, 1.654897425857783e-05, 6.619589703431132e-05], 't_upper': [0.004092127822127746, 0.002046063911063873, 0.008184255644255492], 't_m': [1.8407224164389445e-05, 0, 2.995011523582066e-05], 'N_AB': [0.0005343777278194177, 0.00026718886390970887, 0.0010687554556388355], 'N_ABC': [0.000424733074746976, 0.000212366537373488, 0.000849466149493952], 'r': [0.41585903937844454, 0.08317180787568891, 2.0792951968922226], 'm': [0.05, 0.0001, 0.5]}
RUNNING THE L-BFGS-B CODE

           * * *

Machine precision = 2.220D-16
 N =           10     M =           10

At X0         0 variables are exactly at the bounds

At iterate    0    f=  1.47769D+07    |proj g|=  3.32687D-01

At iterate    1    f=  1.47762D+07    |proj g|=  2.86289D-01

At iterate    2    f=  1.47758D+07    |proj g|=  3.04553D-01

At iterate    3    f=  1.47757D+07    |proj g|=  3.15995D-01

At iterate    4    f=  1.47756D+07    |proj g|=  3.19570D-01

At iterate    5    f=  1.47756D+07    |proj g|=  3.21997D-01

At iterate    6    f=  1.47756D+07    |proj g|=  3.26890D-01

At iterate    7    f=  1.47756D+07    |proj g|=  3.24015D-01

At iterate    8    f=  1.47756D+07    |proj g|=  3.18640D-01

At iterate    9    f=  1.47756D+07    |proj g|=  3.19340D-01

At iterate   10    f=  1.47756D+07    |proj g|=  3.17736D-01

At iterate   11    f=  1.47756D+07    |proj g|=  3.09523D-01

At iterate   12    f=  1.47756D+07    |proj g|=  2.71757D-01

At iterate   13    f=  1.47756D+07    |proj g|=  1.87862D-01

At iterate   14    f=  1.47755D+07    |proj g|=  1.49821D-01

At iterate   15    f=  1.47755D+07    |proj g|=  1.70534D-01

At iterate   16    f=  1.47755D+07    |proj g|=  1.70220D-01

At iterate   17    f=  1.47755D+07    |proj g|=  1.83260D+00

At iterate   18    f=  1.47755D+07    |proj g|=  1.64163D-01

           * * *

Tit   = total number of iterations
Tnf   = total number of function evaluations
Tnint = total number of segments explored during Cauchy searches
Skip  = number of BFGS updates skipped
Nact  = number of active bounds at final generalized Cauchy point
Projg = norm of the final projected gradient
F     = final function value

           * * *

   N    Tit     Tnf  Tnint  Skip  Nact     Projg        F
   10     18     22     30     0     5   1.642D-01   1.478D+07
  F =   14775537.585958982     

CONVERGENCE: REL_REDUCTION_OF_F_<=_FACTR*EPSMCH             
